<?xml version="1.0" encoding="UTF-8"?>
<testsuite name="com.yoiki.pdfservice.PdfServiceApplicationTests" tests="1" skipped="0" failures="0" errors="0" timestamp="2025-03-04T02:07:53" hostname="DESKTOP-0JVDTL9" time="0.583">
  <properties/>
  <testcase name="contextLoads()" classname="com.yoiki.pdfservice.PdfServiceApplicationTests" time="0.583"/>
  <system-out><![CDATA[Standard Commons Logging discovery in action with spring-jcl: please remove commons-logging.jar from classpath in order to avoid potential conflicts
23:07:51.735 [Test worker] INFO org.springframework.test.context.support.AnnotationConfigContextLoaderUtils -- Could not detect default configuration classes for test class [com.yoiki.pdfservice.PdfServiceApplicationTests]: PdfServiceApplicationTests does not declare any static, non-private, non-final, nested classes annotated with @Configuration.
23:07:51.810 [Test worker] INFO org.springframework.boot.test.context.SpringBootTestContextBootstrapper -- Found @SpringBootConfiguration com.yoiki.pdfservice.PdfServiceApplication for test class com.yoiki.pdfservice.PdfServiceApplicationTests

  .   ____          _            __ _ _
 /\\ / ___'_ __ _ _(_)_ __  __ _ \ \ \ \
( ( )\___ | '_ | '_| | '_ \/ _` | \ \ \ \
 \\/  ___)| |_)| | | | | || (_| |  ) ) ) )
  '  |____| .__|_| |_|_| |_\__, | / / / /
 =========|_|==============|___/=/_/_/_/

 :: Spring Boot ::                (v3.3.3)

2025-03-03T23:07:52.154-03:00  INFO 15676 --- [pdf-service] [    Test worker] c.y.p.PdfServiceApplicationTests         : Starting PdfServiceApplicationTests using Java 21.0.2 with PID 15676 (started by Lucatas in C:\Users\Pc\Desktop\pdfService-main)
2025-03-03T23:07:52.156-03:00  INFO 15676 --- [pdf-service] [    Test worker] c.y.p.PdfServiceApplicationTests         : No active profile set, falling back to 1 default profile: "default"
2025-03-03T23:07:53.063-03:00  INFO 15676 --- [pdf-service] [    Test worker] c.y.p.PdfServiceApplicationTests         : Started PdfServiceApplicationTests in 1.125 seconds (process running for 2.109)
]]></system-out>
  <system-err><![CDATA[WARNING: A Java agent has been loaded dynamically (C:\Users\Pc\.gradle\caches\modules-2\files-2.1\net.bytebuddy\byte-buddy-agent\1.14.19\154da3a65b4f4a909d3e5bdec55d1b2b4cbb6ce1\byte-buddy-agent-1.14.19.jar)
WARNING: If a serviceability tool is in use, please run with -XX:+EnableDynamicAgentLoading to hide this warning
WARNING: If a serviceability tool is not in use, please run with -Djdk.instrument.traceUsage for more information
WARNING: Dynamic loading of agents will be disallowed by default in a future release
]]></system-err>
</testsuite>
